build/intermediates/manifest_merge_blame_file/debug/manifest-merger-blame-debug-report.txt
1<?xml version="1.0" encoding="utf-8"?>
2<manifest xmlns:android="http://schemas.android.com/apk/res/android"
3    package="com.example.tgu"
4    android:versionCode="1"
5    android:versionName="1.0" >
6
7    <uses-sdk
8        android:minSdkVersion="24"
8-->src\main\AndroidManifest.xml
9        android:targetSdkVersion="33" />
9-->src\main\AndroidManifest.xml
10
11    <!-- Although the *SdkVersion is captured in gradle build files, this is required for non gradle builds -->
12    <!-- <uses-sdk android:minSdkVersion="14"/> -->
13    <uses-permission android:name="android.permission.ACCESS_NETWORK_STATE" />
13-->[com.google.firebase:firebase-database:20.0.4] AndroidManifest.xml:25:5-79
13-->[com.google.firebase:firebase-database:20.0.4] AndroidManifest.xml:25:22-76
14    <uses-permission android:name="android.permission.INTERNET" />
14-->[com.google.firebase:firebase-database:20.0.4] AndroidManifest.xml:26:5-67
14-->[com.google.firebase:firebase-database:20.0.4] AndroidManifest.xml:26:22-64
15
16    <permission
16-->[androidx.core:core:1.9.0] AndroidManifest.xml:22:5-24:47
17        android:name="com.example.tgu.DYNAMIC_RECEIVER_NOT_EXPORTED_PERMISSION"
17-->[androidx.core:core:1.9.0] AndroidManifest.xml:23:9-81
18        android:protectionLevel="signature" />
18-->[androidx.core:core:1.9.0] AndroidManifest.xml:24:9-44
19
20    <uses-permission android:name="com.example.tgu.DYNAMIC_RECEIVER_NOT_EXPORTED_PERMISSION" />
20-->[androidx.core:core:1.9.0] AndroidManifest.xml:26:5-97
20-->[androidx.core:core:1.9.0] AndroidManifest.xml:26:22-94
21
22    <application
22-->src\main\AndroidManifest.xml:5:5-47:19
23        android:allowBackup="true"
23-->src\main\AndroidManifest.xml:6:9-35
24        android:appComponentFactory="androidx.core.app.CoreComponentFactory"
24-->[androidx.core:core:1.9.0] AndroidManifest.xml:28:18-86
25        android:dataExtractionRules="@xml/data_extraction_rules"
25-->src\main\AndroidManifest.xml:7:9-65
26        android:debuggable="true"
27        android:extractNativeLibs="false"
28        android:fullBackupContent="@xml/backup_rules"
28-->src\main\AndroidManifest.xml:8:9-54
29        android:icon="@drawable/uni"
29-->src\main\AndroidManifest.xml:9:9-37
30        android:label="@string/app_name"
30-->src\main\AndroidManifest.xml:10:9-41
31        android:supportsRtl="true"
31-->src\main\AndroidManifest.xml:11:9-35
32        android:theme="@style/Theme.TGU" >
32-->src\main\AndroidManifest.xml:12:9-41
33        <activity
33-->src\main\AndroidManifest.xml:14:9-16:40
34            android:name="com.example.tgu.getotpact"
34-->src\main\AndroidManifest.xml:15:13-38
35            android:exported="false" />
35-->src\main\AndroidManifest.xml:16:13-37
36        <activity
36-->src\main\AndroidManifest.xml:17:9-19:40
37            android:name="com.example.tgu.custome_progrgess"
37-->src\main\AndroidManifest.xml:18:13-46
38            android:exported="false" />
38-->src\main\AndroidManifest.xml:19:13-37
39        <activity
39-->src\main\AndroidManifest.xml:20:9-22:40
40            android:name="com.example.tgu.recycleuserlist"
40-->src\main\AndroidManifest.xml:21:13-44
41            android:exported="false" />
41-->src\main\AndroidManifest.xml:22:13-37
42        <activity
42-->src\main\AndroidManifest.xml:23:9-25:40
43            android:name="com.example.tgu.updatestu"
43-->src\main\AndroidManifest.xml:24:13-38
44            android:exported="false" />
44-->src\main\AndroidManifest.xml:25:13-37
45        <activity
45-->src\main\AndroidManifest.xml:26:9-28:40
46            android:name="com.example.tgu.showuser"
46-->src\main\AndroidManifest.xml:27:13-37
47            android:exported="false" />
47-->src\main\AndroidManifest.xml:28:13-37
48        <activity
48-->src\main\AndroidManifest.xml:29:9-31:40
49            android:name="com.example.tgu.registractionact"
49-->src\main\AndroidManifest.xml:30:13-45
50            android:exported="false" />
50-->src\main\AndroidManifest.xml:31:13-37
51        <activity
51-->src\main\AndroidManifest.xml:32:9-34:40
52            android:name="com.example.tgu.Adminact"
52-->src\main\AndroidManifest.xml:33:13-37
53            android:exported="false" />
53-->src\main\AndroidManifest.xml:34:13-37
54        <activity
54-->src\main\AndroidManifest.xml:35:9-37:40
55            android:name="com.example.tgu.studentact"
55-->src\main\AndroidManifest.xml:36:13-39
56            android:exported="false" />
56-->src\main\AndroidManifest.xml:37:13-37
57        <activity
57-->src\main\AndroidManifest.xml:38:9-46:20
58            android:name="com.example.tgu.MainActivity"
58-->src\main\AndroidManifest.xml:39:13-41
59            android:exported="true" >
59-->src\main\AndroidManifest.xml:40:13-36
60            <intent-filter>
60-->src\main\AndroidManifest.xml:41:13-45:29
61                <action android:name="android.intent.action.MAIN" />
61-->src\main\AndroidManifest.xml:42:17-69
61-->src\main\AndroidManifest.xml:42:25-66
62
63                <category android:name="android.intent.category.LAUNCHER" />
63-->src\main\AndroidManifest.xml:44:17-77
63-->src\main\AndroidManifest.xml:44:27-74
64            </intent-filter>
65        </activity>
66
67        <service
67-->[com.google.firebase:firebase-database-ktx:20.0.4] AndroidManifest.xml:12:9-18:19
68            android:name="com.google.firebase.components.ComponentDiscoveryService"
68-->[com.google.firebase:firebase-database-ktx:20.0.4] AndroidManifest.xml:13:13-84
69            android:directBootAware="true"
69-->[com.google.firebase:firebase-common:20.1.0] AndroidManifest.xml:35:13-43
70            android:exported="false" >
70-->[com.google.firebase:firebase-database-ktx:20.0.4] AndroidManifest.xml:14:13-37
71            <meta-data
71-->[com.google.firebase:firebase-database-ktx:20.0.4] AndroidManifest.xml:15:13-17:85
72                android:name="com.google.firebase.components:com.google.firebase.database.ktx.FirebaseDatabaseKtxRegistrar"
72-->[com.google.firebase:firebase-database-ktx:20.0.4] AndroidManifest.xml:16:17-124
73                android:value="com.google.firebase.components.ComponentRegistrar" />
73-->[com.google.firebase:firebase-database-ktx:20.0.4] AndroidManifest.xml:17:17-82
74            <meta-data
74-->[com.google.firebase:firebase-common-ktx:20.1.0] AndroidManifest.xml:15:13-17:85
75                android:name="com.google.firebase.components:com.google.firebase.ktx.FirebaseCommonKtxRegistrar"
75-->[com.google.firebase:firebase-common-ktx:20.1.0] AndroidManifest.xml:16:17-113
76                android:value="com.google.firebase.components.ComponentRegistrar" />
76-->[com.google.firebase:firebase-common-ktx:20.1.0] AndroidManifest.xml:17:17-82
77            <meta-data
77-->[com.google.firebase:firebase-database:20.0.4] AndroidManifest.xml:32:13-34:85
78                android:name="com.google.firebase.components:com.google.firebase.database.DatabaseRegistrar"
78-->[com.google.firebase:firebase-database:20.0.4] AndroidManifest.xml:33:17-109
79                android:value="com.google.firebase.components.ComponentRegistrar" />
79-->[com.google.firebase:firebase-database:20.0.4] AndroidManifest.xml:34:17-82
80        </service>
81
82        <provider
82-->[com.google.firebase:firebase-common:20.1.0] AndroidManifest.xml:26:9-31:39
83            android:name="com.google.firebase.provider.FirebaseInitProvider"
83-->[com.google.firebase:firebase-common:20.1.0] AndroidManifest.xml:27:13-77
84            android:authorities="com.example.tgu.firebaseinitprovider"
84-->[com.google.firebase:firebase-common:20.1.0] AndroidManifest.xml:28:13-72
85            android:directBootAware="true"
85-->[com.google.firebase:firebase-common:20.1.0] AndroidManifest.xml:29:13-43
86            android:exported="false"
86-->[com.google.firebase:firebase-common:20.1.0] AndroidManifest.xml:30:13-37
87            android:initOrder="100" />
87-->[com.google.firebase:firebase-common:20.1.0] AndroidManifest.xml:31:13-36
88
89        <activity
89-->[com.google.android.gms:play-services-base:18.0.1] AndroidManifest.xml:20:9-22:45
90            android:name="com.google.android.gms.common.api.GoogleApiActivity"
90-->[com.google.android.gms:play-services-base:18.0.1] AndroidManifest.xml:20:19-85
91            android:exported="false"
91-->[com.google.android.gms:play-services-base:18.0.1] AndroidManifest.xml:22:19-43
92            android:theme="@android:style/Theme.Translucent.NoTitleBar" />
92-->[com.google.android.gms:play-services-base:18.0.1] AndroidManifest.xml:21:19-78
93
94        <meta-data
94-->[com.google.android.gms:play-services-basement:18.0.0] AndroidManifest.xml:21:9-23:69
95            android:name="com.google.android.gms.version"
95-->[com.google.android.gms:play-services-basement:18.0.0] AndroidManifest.xml:22:13-58
96            android:value="@integer/google_play_services_version" />
96-->[com.google.android.gms:play-services-basement:18.0.0] AndroidManifest.xml:23:13-66
97
98        <provider
98-->[androidx.emoji2:emoji2:1.2.0] AndroidManifest.xml:24:9-32:20
99            android:name="androidx.startup.InitializationProvider"
99-->[androidx.emoji2:emoji2:1.2.0] AndroidManifest.xml:25:13-67
100            android:authorities="com.example.tgu.androidx-startup"
100-->[androidx.emoji2:emoji2:1.2.0] AndroidManifest.xml:26:13-68
101            android:exported="false" >
101-->[androidx.emoji2:emoji2:1.2.0] AndroidManifest.xml:27:13-37
102            <meta-data
102-->[androidx.emoji2:emoji2:1.2.0] AndroidManifest.xml:29:13-31:52
103                android:name="androidx.emoji2.text.EmojiCompatInitializer"
103-->[androidx.emoji2:emoji2:1.2.0] AndroidManifest.xml:30:17-75
104                android:value="androidx.startup" />
104-->[androidx.emoji2:emoji2:1.2.0] AndroidManifest.xml:31:17-49
105            <meta-data
105-->[androidx.lifecycle:lifecycle-process:2.4.1] AndroidManifest.xml:31:13-33:52
106                android:name="androidx.lifecycle.ProcessLifecycleInitializer"
106-->[androidx.lifecycle:lifecycle-process:2.4.1] AndroidManifest.xml:32:17-78
107                android:value="androidx.startup" />
107-->[androidx.lifecycle:lifecycle-process:2.4.1] AndroidManifest.xml:33:17-49
108        </provider>
109    </application>
110
111</manifest>